[0.060s] Invoking command in '/home/teja/ros2_humble/PTask_Scheduler/ptask_scheduler/build/ptask_scheduler': CMAKE_PREFIX_PATH=/opt/ros/humble /usr/bin/cmake /home/teja/ros2_humble/PTask_Scheduler/ptask_scheduler -DCMAKE_INSTALL_PREFIX=/home/teja/ros2_humble/PTask_Scheduler/ptask_scheduler/install/ptask_scheduler
[0.585s] -- The C compiler identification is GNU 11.4.0
[0.983s] -- The CXX compiler identification is GNU 11.4.0
[1.020s] -- Detecting C compiler ABI info
[1.237s] -- Detecting C compiler ABI info - done
[1.258s] -- Check for working C compiler: /usr/bin/cc - skipped
[1.262s] -- Detecting C compile features
[1.272s] -- Detecting C compile features - done
[1.287s] -- Detecting CXX compiler ABI info
[1.491s] -- Detecting CXX compiler ABI info - done
[1.502s] -- Check for working CXX compiler: /usr/bin/c++ - skipped
[1.502s] -- Detecting CXX compile features
[1.503s] -- Detecting CXX compile features - done
[1.531s] -- Found ament_cmake: 1.3.10 (/opt/ros/humble/share/ament_cmake/cmake)
[1.865s] -- Found Python3: /usr/bin/python3 (found version "3.10.12") found components: Interpreter 
[2.127s] -- Found rclcpp: 16.0.10 (/opt/ros/humble/share/rclcpp/cmake)
[2.302s] -- Found rosidl_generator_c: 3.1.5 (/opt/ros/humble/share/rosidl_generator_c/cmake)
[2.318s] -- Found rosidl_adapter: 3.1.5 (/opt/ros/humble/share/rosidl_adapter/cmake)
[2.352s] -- Found rosidl_generator_cpp: 3.1.5 (/opt/ros/humble/share/rosidl_generator_cpp/cmake)
[2.407s] -- Using all available rosidl_typesupport_c: rosidl_typesupport_fastrtps_c;rosidl_typesupport_introspection_c
[2.468s] -- Using all available rosidl_typesupport_cpp: rosidl_typesupport_fastrtps_cpp;rosidl_typesupport_introspection_cpp
[2.634s] -- Found rmw_implementation_cmake: 6.1.2 (/opt/ros/humble/share/rmw_implementation_cmake/cmake)
[2.645s] -- Found rmw_fastrtps_cpp: 6.2.7 (/opt/ros/humble/share/rmw_fastrtps_cpp/cmake)
[2.906s] -- Found OpenSSL: /usr/lib/x86_64-linux-gnu/libcrypto.so (found version "3.0.2")  
[2.955s] -- Found FastRTPS: /opt/ros/humble/include  
[3.010s] -- Using RMW implementation 'rmw_fastrtps_cpp' as default
[3.041s] -- Looking for pthread.h
[3.270s] -- Looking for pthread.h - found
[3.284s] -- Performing Test CMAKE_HAVE_LIBC_PTHREAD
[3.431s] -- Performing Test CMAKE_HAVE_LIBC_PTHREAD - Success
[3.432s] -- Found Threads: TRUE  
[3.607s] -- Found ament_lint_auto: 0.12.11 (/opt/ros/humble/share/ament_lint_auto/cmake)
[3.762s] -- Added test 'cppcheck' to perform static code analysis on C / C++ code
[3.763s] -- Configured cppcheck include dirs: 
[3.763s] -- Configured cppcheck exclude dirs and/or files: 
[3.783s] -- Added test 'lint_cmake' to check CMake code style
[3.792s] -- Added test 'uncrustify' to check C / C++ code style
[3.792s] -- Configured uncrustify additional arguments: 
[3.796s] -- Added test 'xmllint' to check XML markup files
[3.801s] -- Configuring done
[3.814s] -- Generating done
[3.820s] -- Build files have been written to: /home/teja/ros2_humble/PTask_Scheduler/ptask_scheduler/build/ptask_scheduler
[3.836s] Invoked command in '/home/teja/ros2_humble/PTask_Scheduler/ptask_scheduler/build/ptask_scheduler' returned '0': CMAKE_PREFIX_PATH=/opt/ros/humble /usr/bin/cmake /home/teja/ros2_humble/PTask_Scheduler/ptask_scheduler -DCMAKE_INSTALL_PREFIX=/home/teja/ros2_humble/PTask_Scheduler/ptask_scheduler/install/ptask_scheduler
[3.837s] Invoking command in '/home/teja/ros2_humble/PTask_Scheduler/ptask_scheduler/build/ptask_scheduler': CMAKE_PREFIX_PATH=/opt/ros/humble /usr/bin/cmake --build /home/teja/ros2_humble/PTask_Scheduler/ptask_scheduler/build/ptask_scheduler -- -j2 -l2
[3.950s] [ 50%] [32mBuilding CXX object CMakeFiles/scheduler.dir/src/scheduler.cpp.o[0m
[12.933s] [100%] [32m[1mLinking CXX executable scheduler[0m
[13.283s] [100%] Built target scheduler
[13.329s] Invoked command in '/home/teja/ros2_humble/PTask_Scheduler/ptask_scheduler/build/ptask_scheduler' returned '0': CMAKE_PREFIX_PATH=/opt/ros/humble /usr/bin/cmake --build /home/teja/ros2_humble/PTask_Scheduler/ptask_scheduler/build/ptask_scheduler -- -j2 -l2
[13.475s] Invoking command in '/home/teja/ros2_humble/PTask_Scheduler/ptask_scheduler/build/ptask_scheduler': CMAKE_PREFIX_PATH=/opt/ros/humble /usr/bin/cmake --install /home/teja/ros2_humble/PTask_Scheduler/ptask_scheduler/build/ptask_scheduler
[13.493s] -- Install configuration: ""
[13.494s] -- Installing: /home/teja/ros2_humble/PTask_Scheduler/ptask_scheduler/install/ptask_scheduler/lib/ptask_scheduler/scheduler
[13.495s] -- Set runtime path of "/home/teja/ros2_humble/PTask_Scheduler/ptask_scheduler/install/ptask_scheduler/lib/ptask_scheduler/scheduler" to ""
[13.497s] -- Installing: /home/teja/ros2_humble/PTask_Scheduler/ptask_scheduler/install/ptask_scheduler/share/ament_index/resource_index/package_run_dependencies/ptask_scheduler
[13.497s] -- Installing: /home/teja/ros2_humble/PTask_Scheduler/ptask_scheduler/install/ptask_scheduler/share/ament_index/resource_index/parent_prefix_path/ptask_scheduler
[13.498s] -- Installing: /home/teja/ros2_humble/PTask_Scheduler/ptask_scheduler/install/ptask_scheduler/share/ptask_scheduler/environment/ament_prefix_path.sh
[13.498s] -- Installing: /home/teja/ros2_humble/PTask_Scheduler/ptask_scheduler/install/ptask_scheduler/share/ptask_scheduler/environment/ament_prefix_path.dsv
[13.499s] -- Installing: /home/teja/ros2_humble/PTask_Scheduler/ptask_scheduler/install/ptask_scheduler/share/ptask_scheduler/environment/path.sh
[13.501s] -- Installing: /home/teja/ros2_humble/PTask_Scheduler/ptask_scheduler/install/ptask_scheduler/share/ptask_scheduler/environment/path.dsv
[13.501s] -- Installing: /home/teja/ros2_humble/PTask_Scheduler/ptask_scheduler/install/ptask_scheduler/share/ptask_scheduler/local_setup.bash
[13.504s] -- Installing: /home/teja/ros2_humble/PTask_Scheduler/ptask_scheduler/install/ptask_scheduler/share/ptask_scheduler/local_setup.sh
[13.504s] -- Installing: /home/teja/ros2_humble/PTask_Scheduler/ptask_scheduler/install/ptask_scheduler/share/ptask_scheduler/local_setup.zsh
[13.504s] -- Installing: /home/teja/ros2_humble/PTask_Scheduler/ptask_scheduler/install/ptask_scheduler/share/ptask_scheduler/local_setup.dsv
[13.505s] -- Installing: /home/teja/ros2_humble/PTask_Scheduler/ptask_scheduler/install/ptask_scheduler/share/ptask_scheduler/package.dsv
[13.505s] -- Installing: /home/teja/ros2_humble/PTask_Scheduler/ptask_scheduler/install/ptask_scheduler/share/ament_index/resource_index/packages/ptask_scheduler
[13.505s] -- Installing: /home/teja/ros2_humble/PTask_Scheduler/ptask_scheduler/install/ptask_scheduler/share/ptask_scheduler/cmake/ptask_schedulerConfig.cmake
[13.509s] -- Installing: /home/teja/ros2_humble/PTask_Scheduler/ptask_scheduler/install/ptask_scheduler/share/ptask_scheduler/cmake/ptask_schedulerConfig-version.cmake
[13.509s] -- Installing: /home/teja/ros2_humble/PTask_Scheduler/ptask_scheduler/install/ptask_scheduler/share/ptask_scheduler/package.xml
[13.511s] Invoked command in '/home/teja/ros2_humble/PTask_Scheduler/ptask_scheduler/build/ptask_scheduler' returned '0': CMAKE_PREFIX_PATH=/opt/ros/humble /usr/bin/cmake --install /home/teja/ros2_humble/PTask_Scheduler/ptask_scheduler/build/ptask_scheduler
