[0.141s] DEBUG:colcon:Command line arguments: ['/usr/bin/colcon', 'build']
[0.141s] DEBUG:colcon:Parsed command line arguments: Namespace(log_base=None, log_level=None, verb_name='build', build_base='build', install_base='install', merge_install=False, symlink_install=False, test_result_base=None, continue_on_error=False, executor='parallel', parallel_workers=2, event_handlers=None, ignore_user_meta=False, metas=['./colcon.meta'], base_paths=['.'], packages_ignore=None, packages_ignore_regex=None, paths=None, packages_up_to=None, packages_up_to_regex=None, packages_above=None, packages_above_and_dependencies=None, packages_above_depth=None, packages_select_by_dep=None, packages_skip_by_dep=None, packages_skip_up_to=None, packages_select_build_failed=False, packages_skip_build_finished=False, packages_select_test_failures=False, packages_skip_test_passed=False, packages_select=None, packages_skip=None, packages_select_regex=None, packages_skip_regex=None, packages_start=None, packages_end=None, allow_overriding=[], cmake_args=None, cmake_target=None, cmake_target_skip_unavailable=False, cmake_clean_cache=False, cmake_clean_first=False, cmake_force_configure=False, ament_cmake_args=None, catkin_cmake_args=None, catkin_skip_building_tests=False, mixin_files=None, mixin=None, verb_parser=<colcon_mixin.mixin.mixin_argument.MixinArgumentDecorator object at 0x73beba84a470>, verb_extension=<colcon_core.verb.build.BuildVerb object at 0x73beba95aa40>, main=<bound method BuildVerb.main of <colcon_core.verb.build.BuildVerb object at 0x73beba95aa40>>, mixin_verb=('build',))
[0.322s] Level 1:colcon.colcon_core.package_discovery:discover_packages(colcon_meta) check parameters
[0.323s] Level 1:colcon.colcon_core.package_discovery:discover_packages(recursive) check parameters
[0.323s] Level 1:colcon.colcon_core.package_discovery:discover_packages(ignore) check parameters
[0.323s] Level 1:colcon.colcon_core.package_discovery:discover_packages(path) check parameters
[0.323s] Level 1:colcon.colcon_core.package_discovery:discover_packages(colcon_meta) discover
[0.323s] Level 1:colcon.colcon_core.package_discovery:discover_packages(recursive) discover
[0.323s] INFO:colcon.colcon_core.package_discovery:Crawling recursively for packages in '/home/teja/ros2_humble/PTask_Scheduler'
[0.323s] Level 1:colcon.colcon_core.package_identification:_identify(.) by extensions ['ignore', 'ignore_ament_install']
[0.323s] Level 1:colcon.colcon_core.package_identification:_identify(.) by extension 'ignore'
[0.323s] Level 1:colcon.colcon_core.package_identification:_identify(.) by extension 'ignore_ament_install'
[0.323s] Level 1:colcon.colcon_core.package_identification:_identify(.) by extensions ['colcon_pkg']
[0.323s] Level 1:colcon.colcon_core.package_identification:_identify(.) by extension 'colcon_pkg'
[0.323s] Level 1:colcon.colcon_core.package_identification:_identify(.) by extensions ['colcon_meta']
[0.323s] Level 1:colcon.colcon_core.package_identification:_identify(.) by extension 'colcon_meta'
[0.323s] Level 1:colcon.colcon_core.package_identification:_identify(.) by extensions ['ros']
[0.323s] Level 1:colcon.colcon_core.package_identification:_identify(.) by extension 'ros'
[0.335s] Level 1:colcon.colcon_core.package_identification:_identify(.) by extensions ['cmake', 'python']
[0.335s] Level 1:colcon.colcon_core.package_identification:_identify(.) by extension 'cmake'
[0.335s] Level 1:colcon.colcon_core.package_identification:_identify(.) by extension 'python'
[0.335s] Level 1:colcon.colcon_core.package_identification:_identify(.) by extensions ['python_setup_py']
[0.335s] Level 1:colcon.colcon_core.package_identification:_identify(.) by extension 'python_setup_py'
[0.336s] Level 1:colcon.colcon_core.package_identification:_identify(build) by extensions ['ignore', 'ignore_ament_install']
[0.336s] Level 1:colcon.colcon_core.package_identification:_identify(build) by extension 'ignore'
[0.336s] Level 1:colcon.colcon_core.package_identification:_identify(build) ignored
[0.336s] Level 1:colcon.colcon_core.package_identification:_identify(install) by extensions ['ignore', 'ignore_ament_install']
[0.336s] Level 1:colcon.colcon_core.package_identification:_identify(install) by extension 'ignore'
[0.336s] Level 1:colcon.colcon_core.package_identification:_identify(install) ignored
[0.336s] Level 1:colcon.colcon_core.package_identification:_identify(log) by extensions ['ignore', 'ignore_ament_install']
[0.336s] Level 1:colcon.colcon_core.package_identification:_identify(log) by extension 'ignore'
[0.336s] Level 1:colcon.colcon_core.package_identification:_identify(log) ignored
[0.336s] Level 1:colcon.colcon_core.package_identification:_identify(ptask_scheduler) by extensions ['ignore', 'ignore_ament_install']
[0.336s] Level 1:colcon.colcon_core.package_identification:_identify(ptask_scheduler) by extension 'ignore'
[0.337s] Level 1:colcon.colcon_core.package_identification:_identify(ptask_scheduler) by extension 'ignore_ament_install'
[0.337s] Level 1:colcon.colcon_core.package_identification:_identify(ptask_scheduler) by extensions ['colcon_pkg']
[0.337s] Level 1:colcon.colcon_core.package_identification:_identify(ptask_scheduler) by extension 'colcon_pkg'
[0.337s] Level 1:colcon.colcon_core.package_identification:_identify(ptask_scheduler) by extensions ['colcon_meta']
[0.337s] Level 1:colcon.colcon_core.package_identification:_identify(ptask_scheduler) by extension 'colcon_meta'
[0.337s] Level 1:colcon.colcon_core.package_identification:_identify(ptask_scheduler) by extensions ['ros']
[0.337s] Level 1:colcon.colcon_core.package_identification:_identify(ptask_scheduler) by extension 'ros'
[0.339s] DEBUG:colcon.colcon_core.package_identification:Package 'ptask_scheduler' with type 'ros.ament_cmake' and name 'ptask_scheduler'
[0.339s] Level 1:colcon.colcon_core.package_discovery:discover_packages(recursive) using defaults
[0.340s] Level 1:colcon.colcon_core.package_discovery:discover_packages(ignore) discover
[0.340s] Level 1:colcon.colcon_core.package_discovery:discover_packages(ignore) using defaults
[0.340s] Level 1:colcon.colcon_core.package_discovery:discover_packages(path) discover
[0.340s] Level 1:colcon.colcon_core.package_discovery:discover_packages(path) using defaults
[0.361s] Level 1:colcon.colcon_core.package_discovery:discover_packages(prefix_path) check parameters
[0.361s] Level 1:colcon.colcon_core.package_discovery:discover_packages(prefix_path) discover
[0.363s] DEBUG:colcon.colcon_installed_package_information.package_discovery:Found 1 installed packages in /home/teja/ros2_humble/PTask_Scheduler/ptask_scheduler/install
[0.364s] DEBUG:colcon.colcon_installed_package_information.package_discovery:Found 270 installed packages in /opt/ros/humble
[0.376s] Level 1:colcon.colcon_core.package_discovery:discover_packages(prefix_path) using defaults
[0.416s] Level 5:colcon.colcon_core.verb:set package 'ptask_scheduler' build argument 'cmake_args' from command line to 'None'
[0.416s] Level 5:colcon.colcon_core.verb:set package 'ptask_scheduler' build argument 'cmake_target' from command line to 'None'
[0.416s] Level 5:colcon.colcon_core.verb:set package 'ptask_scheduler' build argument 'cmake_target_skip_unavailable' from command line to 'False'
[0.416s] Level 5:colcon.colcon_core.verb:set package 'ptask_scheduler' build argument 'cmake_clean_cache' from command line to 'False'
[0.416s] Level 5:colcon.colcon_core.verb:set package 'ptask_scheduler' build argument 'cmake_clean_first' from command line to 'False'
[0.416s] Level 5:colcon.colcon_core.verb:set package 'ptask_scheduler' build argument 'cmake_force_configure' from command line to 'False'
[0.416s] Level 5:colcon.colcon_core.verb:set package 'ptask_scheduler' build argument 'ament_cmake_args' from command line to 'None'
[0.416s] Level 5:colcon.colcon_core.verb:set package 'ptask_scheduler' build argument 'catkin_cmake_args' from command line to 'None'
[0.416s] Level 5:colcon.colcon_core.verb:set package 'ptask_scheduler' build argument 'catkin_skip_building_tests' from command line to 'False'
[0.416s] DEBUG:colcon.colcon_core.verb:Building package 'ptask_scheduler' with the following arguments: {'ament_cmake_args': None, 'build_base': '/home/teja/ros2_humble/PTask_Scheduler/build/ptask_scheduler', 'catkin_cmake_args': None, 'catkin_skip_building_tests': False, 'cmake_args': None, 'cmake_clean_cache': False, 'cmake_clean_first': False, 'cmake_force_configure': False, 'cmake_target': None, 'cmake_target_skip_unavailable': False, 'install_base': '/home/teja/ros2_humble/PTask_Scheduler/install/ptask_scheduler', 'merge_install': False, 'path': '/home/teja/ros2_humble/PTask_Scheduler/ptask_scheduler', 'symlink_install': False, 'test_result_base': None}
[0.416s] INFO:colcon.colcon_core.executor:Executing jobs using 'parallel' executor
[0.428s] DEBUG:colcon.colcon_parallel_executor.executor.parallel:run_until_complete
[0.428s] INFO:colcon.colcon_ros.task.ament_cmake.build:Building ROS package in '/home/teja/ros2_humble/PTask_Scheduler/ptask_scheduler' with build type 'ament_cmake'
[0.428s] INFO:colcon.colcon_cmake.task.cmake.build:Building CMake package in '/home/teja/ros2_humble/PTask_Scheduler/ptask_scheduler'
[0.440s] INFO:colcon.colcon_core.plugin_system:Skipping extension 'colcon_core.shell.bat': Not used on non-Windows systems
[0.440s] INFO:colcon.colcon_core.shell:Skip shell extension 'powershell' for command environment: Not usable outside of PowerShell
[0.440s] DEBUG:colcon.colcon_core.shell:Skip shell extension 'dsv' for command environment
[0.522s] DEBUG:colcon.colcon_core.event_handler.log_command:Invoking command in '/home/teja/ros2_humble/PTask_Scheduler/build/ptask_scheduler': CMAKE_PREFIX_PATH=${CMAKE_PREFIX_PATH}:/opt/ros/humble /usr/bin/cmake /home/teja/ros2_humble/PTask_Scheduler/ptask_scheduler -DCMAKE_INSTALL_PREFIX=/home/teja/ros2_humble/PTask_Scheduler/install/ptask_scheduler
[2.738s] DEBUG:colcon.colcon_core.event_handler.log_command:Invoked command in '/home/teja/ros2_humble/PTask_Scheduler/build/ptask_scheduler' returned '0': CMAKE_PREFIX_PATH=${CMAKE_PREFIX_PATH}:/opt/ros/humble /usr/bin/cmake /home/teja/ros2_humble/PTask_Scheduler/ptask_scheduler -DCMAKE_INSTALL_PREFIX=/home/teja/ros2_humble/PTask_Scheduler/install/ptask_scheduler
[2.738s] DEBUG:colcon.colcon_core.event_handler.log_command:Invoking command in '/home/teja/ros2_humble/PTask_Scheduler/build/ptask_scheduler': CMAKE_PREFIX_PATH=${CMAKE_PREFIX_PATH}:/opt/ros/humble /usr/bin/cmake --build /home/teja/ros2_humble/PTask_Scheduler/build/ptask_scheduler -- -j2 -l2
[7.666s] DEBUG:colcon.colcon_core.event_handler.log_command:Invoked command in '/home/teja/ros2_humble/PTask_Scheduler/build/ptask_scheduler' returned '0': CMAKE_PREFIX_PATH=${CMAKE_PREFIX_PATH}:/opt/ros/humble /usr/bin/cmake --build /home/teja/ros2_humble/PTask_Scheduler/build/ptask_scheduler -- -j2 -l2
[7.885s] DEBUG:colcon.colcon_core.event_handler.log_command:Invoking command in '/home/teja/ros2_humble/PTask_Scheduler/build/ptask_scheduler': CMAKE_PREFIX_PATH=${CMAKE_PREFIX_PATH}:/opt/ros/humble /usr/bin/cmake --install /home/teja/ros2_humble/PTask_Scheduler/build/ptask_scheduler
[7.927s] Level 1:colcon.colcon_core.environment:create_environment_scripts_only(ptask_scheduler)
[7.930s] DEBUG:colcon.colcon_core.event_handler.log_command:Invoked command in '/home/teja/ros2_humble/PTask_Scheduler/build/ptask_scheduler' returned '0': CMAKE_PREFIX_PATH=${CMAKE_PREFIX_PATH}:/opt/ros/humble /usr/bin/cmake --install /home/teja/ros2_humble/PTask_Scheduler/build/ptask_scheduler
[7.933s] Level 1:colcon.colcon_core.environment:checking '/home/teja/ros2_humble/PTask_Scheduler/install/ptask_scheduler' for CMake module files
[7.933s] Level 1:colcon.colcon_core.environment:checking '/home/teja/ros2_humble/PTask_Scheduler/install/ptask_scheduler' for CMake config files
[7.934s] Level 1:colcon.colcon_core.shell:create_environment_hook('ptask_scheduler', 'cmake_prefix_path')
[7.934s] INFO:colcon.colcon_core.shell:Creating environment hook '/home/teja/ros2_humble/PTask_Scheduler/install/ptask_scheduler/share/ptask_scheduler/hook/cmake_prefix_path.ps1'
[7.935s] INFO:colcon.colcon_core.shell:Creating environment descriptor '/home/teja/ros2_humble/PTask_Scheduler/install/ptask_scheduler/share/ptask_scheduler/hook/cmake_prefix_path.dsv'
[7.936s] INFO:colcon.colcon_core.shell:Creating environment hook '/home/teja/ros2_humble/PTask_Scheduler/install/ptask_scheduler/share/ptask_scheduler/hook/cmake_prefix_path.sh'
[7.941s] Level 1:colcon.colcon_core.environment:checking '/home/teja/ros2_humble/PTask_Scheduler/install/ptask_scheduler/lib'
[7.952s] Level 1:colcon.colcon_core.environment:checking '/home/teja/ros2_humble/PTask_Scheduler/install/ptask_scheduler/bin'
[7.953s] Level 1:colcon.colcon_core.environment:checking '/home/teja/ros2_humble/PTask_Scheduler/install/ptask_scheduler/lib/pkgconfig/ptask_scheduler.pc'
[7.953s] Level 1:colcon.colcon_core.environment:checking '/home/teja/ros2_humble/PTask_Scheduler/install/ptask_scheduler/lib/python3.10/site-packages'
[7.953s] Level 1:colcon.colcon_core.environment:checking '/home/teja/ros2_humble/PTask_Scheduler/install/ptask_scheduler/bin'
[7.954s] INFO:colcon.colcon_core.shell:Creating package script '/home/teja/ros2_humble/PTask_Scheduler/install/ptask_scheduler/share/ptask_scheduler/package.ps1'
[7.955s] INFO:colcon.colcon_core.shell:Creating package descriptor '/home/teja/ros2_humble/PTask_Scheduler/install/ptask_scheduler/share/ptask_scheduler/package.dsv'
[7.956s] INFO:colcon.colcon_core.shell:Creating package script '/home/teja/ros2_humble/PTask_Scheduler/install/ptask_scheduler/share/ptask_scheduler/package.sh'
[7.957s] INFO:colcon.colcon_core.shell:Creating package script '/home/teja/ros2_humble/PTask_Scheduler/install/ptask_scheduler/share/ptask_scheduler/package.bash'
[7.957s] INFO:colcon.colcon_core.shell:Creating package script '/home/teja/ros2_humble/PTask_Scheduler/install/ptask_scheduler/share/ptask_scheduler/package.zsh'
[7.958s] Level 1:colcon.colcon_core.environment:create_file_with_runtime_dependencies(/home/teja/ros2_humble/PTask_Scheduler/install/ptask_scheduler/share/colcon-core/packages/ptask_scheduler)
[8.056s] Level 1:colcon.colcon_core.environment:create_environment_scripts_only(ptask_scheduler)
[8.056s] Level 1:colcon.colcon_core.environment:checking '/home/teja/ros2_humble/PTask_Scheduler/install/ptask_scheduler' for CMake module files
[8.057s] Level 1:colcon.colcon_core.environment:checking '/home/teja/ros2_humble/PTask_Scheduler/install/ptask_scheduler' for CMake config files
[8.057s] Level 1:colcon.colcon_core.shell:create_environment_hook('ptask_scheduler', 'cmake_prefix_path')
[8.058s] INFO:colcon.colcon_core.shell:Creating environment hook '/home/teja/ros2_humble/PTask_Scheduler/install/ptask_scheduler/share/ptask_scheduler/hook/cmake_prefix_path.ps1'
[8.059s] INFO:colcon.colcon_core.shell:Creating environment descriptor '/home/teja/ros2_humble/PTask_Scheduler/install/ptask_scheduler/share/ptask_scheduler/hook/cmake_prefix_path.dsv'
[8.060s] INFO:colcon.colcon_core.shell:Creating environment hook '/home/teja/ros2_humble/PTask_Scheduler/install/ptask_scheduler/share/ptask_scheduler/hook/cmake_prefix_path.sh'
[8.061s] Level 1:colcon.colcon_core.environment:checking '/home/teja/ros2_humble/PTask_Scheduler/install/ptask_scheduler/lib'
[8.062s] Level 1:colcon.colcon_core.environment:checking '/home/teja/ros2_humble/PTask_Scheduler/install/ptask_scheduler/bin'
[8.062s] Level 1:colcon.colcon_core.environment:checking '/home/teja/ros2_humble/PTask_Scheduler/install/ptask_scheduler/lib/pkgconfig/ptask_scheduler.pc'
[8.062s] Level 1:colcon.colcon_core.environment:checking '/home/teja/ros2_humble/PTask_Scheduler/install/ptask_scheduler/lib/python3.10/site-packages'
[8.063s] Level 1:colcon.colcon_core.environment:checking '/home/teja/ros2_humble/PTask_Scheduler/install/ptask_scheduler/bin'
[8.063s] INFO:colcon.colcon_core.shell:Creating package script '/home/teja/ros2_humble/PTask_Scheduler/install/ptask_scheduler/share/ptask_scheduler/package.ps1'
[8.064s] INFO:colcon.colcon_core.shell:Creating package descriptor '/home/teja/ros2_humble/PTask_Scheduler/install/ptask_scheduler/share/ptask_scheduler/package.dsv'
[8.066s] INFO:colcon.colcon_core.shell:Creating package script '/home/teja/ros2_humble/PTask_Scheduler/install/ptask_scheduler/share/ptask_scheduler/package.sh'
[8.068s] INFO:colcon.colcon_core.shell:Creating package script '/home/teja/ros2_humble/PTask_Scheduler/install/ptask_scheduler/share/ptask_scheduler/package.bash'
[8.069s] INFO:colcon.colcon_core.shell:Creating package script '/home/teja/ros2_humble/PTask_Scheduler/install/ptask_scheduler/share/ptask_scheduler/package.zsh'
[8.070s] Level 1:colcon.colcon_core.environment:create_file_with_runtime_dependencies(/home/teja/ros2_humble/PTask_Scheduler/install/ptask_scheduler/share/colcon-core/packages/ptask_scheduler)
[8.072s] DEBUG:colcon.colcon_parallel_executor.executor.parallel:closing loop
[8.072s] DEBUG:colcon.colcon_parallel_executor.executor.parallel:loop closed
[8.072s] DEBUG:colcon.colcon_parallel_executor.executor.parallel:run_until_complete finished with '0'
[8.072s] DEBUG:colcon.colcon_core.event_reactor:joining thread
[8.080s] INFO:colcon.colcon_core.plugin_system:Skipping extension 'colcon_notification.desktop_notification.terminal_notifier': Not used on non-Darwin systems
[8.080s] INFO:colcon.colcon_core.plugin_system:Skipping extension 'colcon_notification.desktop_notification.win32': Not used on non-Windows systems
[8.080s] INFO:colcon.colcon_notification.desktop_notification:Sending desktop notification using 'notify2'
[8.115s] DEBUG:colcon.colcon_core.event_reactor:joined thread
[8.115s] INFO:colcon.colcon_core.shell:Creating prefix script '/home/teja/ros2_humble/PTask_Scheduler/install/local_setup.ps1'
[8.118s] INFO:colcon.colcon_core.shell:Creating prefix util module '/home/teja/ros2_humble/PTask_Scheduler/install/_local_setup_util_ps1.py'
[8.120s] INFO:colcon.colcon_core.shell:Creating prefix chain script '/home/teja/ros2_humble/PTask_Scheduler/install/setup.ps1'
[8.121s] INFO:colcon.colcon_core.shell:Creating prefix script '/home/teja/ros2_humble/PTask_Scheduler/install/local_setup.sh'
[8.121s] INFO:colcon.colcon_core.shell:Creating prefix util module '/home/teja/ros2_humble/PTask_Scheduler/install/_local_setup_util_sh.py'
[8.122s] INFO:colcon.colcon_core.shell:Creating prefix chain script '/home/teja/ros2_humble/PTask_Scheduler/install/setup.sh'
[8.124s] INFO:colcon.colcon_core.shell:Creating prefix script '/home/teja/ros2_humble/PTask_Scheduler/install/local_setup.bash'
[8.125s] INFO:colcon.colcon_core.shell:Creating prefix chain script '/home/teja/ros2_humble/PTask_Scheduler/install/setup.bash'
[8.126s] INFO:colcon.colcon_core.shell:Creating prefix script '/home/teja/ros2_humble/PTask_Scheduler/install/local_setup.zsh'
[8.127s] INFO:colcon.colcon_core.shell:Creating prefix chain script '/home/teja/ros2_humble/PTask_Scheduler/install/setup.zsh'
