[0.536s] DEBUG:colcon:Command line arguments: ['/usr/bin/colcon', 'build']
[0.536s] DEBUG:colcon:Parsed command line arguments: Namespace(log_base=None, log_level=None, verb_name='build', build_base='build', install_base='install', merge_install=False, symlink_install=False, test_result_base=None, continue_on_error=False, executor='parallel', parallel_workers=2, event_handlers=None, ignore_user_meta=False, metas=['./colcon.meta'], base_paths=['.'], packages_ignore=None, packages_ignore_regex=None, paths=None, packages_up_to=None, packages_up_to_regex=None, packages_above=None, packages_above_and_dependencies=None, packages_above_depth=None, packages_select_by_dep=None, packages_skip_by_dep=None, packages_skip_up_to=None, packages_select_build_failed=False, packages_skip_build_finished=False, packages_select_test_failures=False, packages_skip_test_passed=False, packages_select=None, packages_skip=None, packages_select_regex=None, packages_skip_regex=None, packages_start=None, packages_end=None, allow_overriding=[], cmake_args=None, cmake_target=None, cmake_target_skip_unavailable=False, cmake_clean_cache=False, cmake_clean_first=False, cmake_force_configure=False, ament_cmake_args=None, catkin_cmake_args=None, catkin_skip_building_tests=False, mixin_files=None, mixin=None, verb_parser=<colcon_mixin.mixin.mixin_argument.MixinArgumentDecorator object at 0x7e18777424a0>, verb_extension=<colcon_core.verb.build.BuildVerb object at 0x7e1877852a70>, main=<bound method BuildVerb.main of <colcon_core.verb.build.BuildVerb object at 0x7e1877852a70>>, mixin_verb=('build',))
[1.333s] Level 1:colcon.colcon_core.package_discovery:discover_packages(colcon_meta) check parameters
[1.333s] Level 1:colcon.colcon_core.package_discovery:discover_packages(recursive) check parameters
[1.333s] Level 1:colcon.colcon_core.package_discovery:discover_packages(ignore) check parameters
[1.333s] Level 1:colcon.colcon_core.package_discovery:discover_packages(path) check parameters
[1.334s] Level 1:colcon.colcon_core.package_discovery:discover_packages(colcon_meta) discover
[1.334s] Level 1:colcon.colcon_core.package_discovery:discover_packages(recursive) discover
[1.334s] INFO:colcon.colcon_core.package_discovery:Crawling recursively for packages in '/home/teja/ros2_humble/PTask_Scheduler/ptask_scheduler'
[1.334s] Level 1:colcon.colcon_core.package_identification:_identify(.) by extensions ['ignore', 'ignore_ament_install']
[1.334s] Level 1:colcon.colcon_core.package_identification:_identify(.) by extension 'ignore'
[1.334s] Level 1:colcon.colcon_core.package_identification:_identify(.) by extension 'ignore_ament_install'
[1.334s] Level 1:colcon.colcon_core.package_identification:_identify(.) by extensions ['colcon_pkg']
[1.334s] Level 1:colcon.colcon_core.package_identification:_identify(.) by extension 'colcon_pkg'
[1.334s] Level 1:colcon.colcon_core.package_identification:_identify(.) by extensions ['colcon_meta']
[1.334s] Level 1:colcon.colcon_core.package_identification:_identify(.) by extension 'colcon_meta'
[1.334s] Level 1:colcon.colcon_core.package_identification:_identify(.) by extensions ['ros']
[1.334s] Level 1:colcon.colcon_core.package_identification:_identify(.) by extension 'ros'
[1.372s] DEBUG:colcon.colcon_core.package_identification:Package '.' with type 'ros.ament_cmake' and name 'ptask_scheduler'
[1.373s] Level 1:colcon.colcon_core.package_discovery:discover_packages(recursive) using defaults
[1.373s] Level 1:colcon.colcon_core.package_discovery:discover_packages(ignore) discover
[1.373s] Level 1:colcon.colcon_core.package_discovery:discover_packages(ignore) using defaults
[1.373s] Level 1:colcon.colcon_core.package_discovery:discover_packages(path) discover
[1.373s] Level 1:colcon.colcon_core.package_discovery:discover_packages(path) using defaults
[1.486s] Level 1:colcon.colcon_core.package_discovery:discover_packages(prefix_path) check parameters
[1.487s] Level 1:colcon.colcon_core.package_discovery:discover_packages(prefix_path) discover
[1.497s] DEBUG:colcon.colcon_installed_package_information.package_discovery:Found 270 installed packages in /opt/ros/humble
[1.514s] Level 1:colcon.colcon_core.package_discovery:discover_packages(prefix_path) using defaults
[1.575s] Level 5:colcon.colcon_core.verb:set package 'ptask_scheduler' build argument 'cmake_args' from command line to 'None'
[1.575s] Level 5:colcon.colcon_core.verb:set package 'ptask_scheduler' build argument 'cmake_target' from command line to 'None'
[1.575s] Level 5:colcon.colcon_core.verb:set package 'ptask_scheduler' build argument 'cmake_target_skip_unavailable' from command line to 'False'
[1.575s] Level 5:colcon.colcon_core.verb:set package 'ptask_scheduler' build argument 'cmake_clean_cache' from command line to 'False'
[1.575s] Level 5:colcon.colcon_core.verb:set package 'ptask_scheduler' build argument 'cmake_clean_first' from command line to 'False'
[1.575s] Level 5:colcon.colcon_core.verb:set package 'ptask_scheduler' build argument 'cmake_force_configure' from command line to 'False'
[1.575s] Level 5:colcon.colcon_core.verb:set package 'ptask_scheduler' build argument 'ament_cmake_args' from command line to 'None'
[1.575s] Level 5:colcon.colcon_core.verb:set package 'ptask_scheduler' build argument 'catkin_cmake_args' from command line to 'None'
[1.575s] Level 5:colcon.colcon_core.verb:set package 'ptask_scheduler' build argument 'catkin_skip_building_tests' from command line to 'False'
[1.575s] DEBUG:colcon.colcon_core.verb:Building package 'ptask_scheduler' with the following arguments: {'ament_cmake_args': None, 'build_base': '/home/teja/ros2_humble/PTask_Scheduler/ptask_scheduler/build/ptask_scheduler', 'catkin_cmake_args': None, 'catkin_skip_building_tests': False, 'cmake_args': None, 'cmake_clean_cache': False, 'cmake_clean_first': False, 'cmake_force_configure': False, 'cmake_target': None, 'cmake_target_skip_unavailable': False, 'install_base': '/home/teja/ros2_humble/PTask_Scheduler/ptask_scheduler/install/ptask_scheduler', 'merge_install': False, 'path': '/home/teja/ros2_humble/PTask_Scheduler/ptask_scheduler', 'symlink_install': False, 'test_result_base': None}
[1.575s] INFO:colcon.colcon_core.executor:Executing jobs using 'parallel' executor
[1.578s] DEBUG:colcon.colcon_parallel_executor.executor.parallel:run_until_complete
[1.579s] INFO:colcon.colcon_ros.task.ament_cmake.build:Building ROS package in '/home/teja/ros2_humble/PTask_Scheduler/ptask_scheduler' with build type 'ament_cmake'
[1.579s] INFO:colcon.colcon_cmake.task.cmake.build:Building CMake package in '/home/teja/ros2_humble/PTask_Scheduler/ptask_scheduler'
[1.600s] INFO:colcon.colcon_core.plugin_system:Skipping extension 'colcon_core.shell.bat': Not used on non-Windows systems
[1.601s] INFO:colcon.colcon_core.shell:Skip shell extension 'powershell' for command environment: Not usable outside of PowerShell
[1.601s] DEBUG:colcon.colcon_core.shell:Skip shell extension 'dsv' for command environment
[1.640s] DEBUG:colcon.colcon_core.event_handler.log_command:Invoking command in '/home/teja/ros2_humble/PTask_Scheduler/ptask_scheduler/build/ptask_scheduler': CMAKE_PREFIX_PATH=/opt/ros/humble /usr/bin/cmake /home/teja/ros2_humble/PTask_Scheduler/ptask_scheduler -DCMAKE_INSTALL_PREFIX=/home/teja/ros2_humble/PTask_Scheduler/ptask_scheduler/install/ptask_scheduler
[5.416s] DEBUG:colcon.colcon_core.event_handler.log_command:Invoked command in '/home/teja/ros2_humble/PTask_Scheduler/ptask_scheduler/build/ptask_scheduler' returned '0': CMAKE_PREFIX_PATH=/opt/ros/humble /usr/bin/cmake /home/teja/ros2_humble/PTask_Scheduler/ptask_scheduler -DCMAKE_INSTALL_PREFIX=/home/teja/ros2_humble/PTask_Scheduler/ptask_scheduler/install/ptask_scheduler
[5.418s] DEBUG:colcon.colcon_core.event_handler.log_command:Invoking command in '/home/teja/ros2_humble/PTask_Scheduler/ptask_scheduler/build/ptask_scheduler': CMAKE_PREFIX_PATH=/opt/ros/humble /usr/bin/cmake --build /home/teja/ros2_humble/PTask_Scheduler/ptask_scheduler/build/ptask_scheduler -- -j2 -l2
[14.909s] DEBUG:colcon.colcon_core.event_handler.log_command:Invoked command in '/home/teja/ros2_humble/PTask_Scheduler/ptask_scheduler/build/ptask_scheduler' returned '0': CMAKE_PREFIX_PATH=/opt/ros/humble /usr/bin/cmake --build /home/teja/ros2_humble/PTask_Scheduler/ptask_scheduler/build/ptask_scheduler -- -j2 -l2
[15.056s] DEBUG:colcon.colcon_core.event_handler.log_command:Invoking command in '/home/teja/ros2_humble/PTask_Scheduler/ptask_scheduler/build/ptask_scheduler': CMAKE_PREFIX_PATH=/opt/ros/humble /usr/bin/cmake --install /home/teja/ros2_humble/PTask_Scheduler/ptask_scheduler/build/ptask_scheduler
[15.090s] Level 1:colcon.colcon_core.environment:create_environment_scripts_only(ptask_scheduler)
[15.091s] DEBUG:colcon.colcon_core.event_handler.log_command:Invoked command in '/home/teja/ros2_humble/PTask_Scheduler/ptask_scheduler/build/ptask_scheduler' returned '0': CMAKE_PREFIX_PATH=/opt/ros/humble /usr/bin/cmake --install /home/teja/ros2_humble/PTask_Scheduler/ptask_scheduler/build/ptask_scheduler
[15.134s] Level 1:colcon.colcon_core.environment:checking '/home/teja/ros2_humble/PTask_Scheduler/ptask_scheduler/install/ptask_scheduler' for CMake module files
[15.135s] Level 1:colcon.colcon_core.environment:checking '/home/teja/ros2_humble/PTask_Scheduler/ptask_scheduler/install/ptask_scheduler' for CMake config files
[15.135s] Level 1:colcon.colcon_core.shell:create_environment_hook('ptask_scheduler', 'cmake_prefix_path')
[15.136s] INFO:colcon.colcon_core.shell:Creating environment hook '/home/teja/ros2_humble/PTask_Scheduler/ptask_scheduler/install/ptask_scheduler/share/ptask_scheduler/hook/cmake_prefix_path.ps1'
[15.139s] INFO:colcon.colcon_core.shell:Creating environment descriptor '/home/teja/ros2_humble/PTask_Scheduler/ptask_scheduler/install/ptask_scheduler/share/ptask_scheduler/hook/cmake_prefix_path.dsv'
[15.141s] INFO:colcon.colcon_core.shell:Creating environment hook '/home/teja/ros2_humble/PTask_Scheduler/ptask_scheduler/install/ptask_scheduler/share/ptask_scheduler/hook/cmake_prefix_path.sh'
[15.143s] Level 1:colcon.colcon_core.environment:checking '/home/teja/ros2_humble/PTask_Scheduler/ptask_scheduler/install/ptask_scheduler/lib'
[15.143s] Level 1:colcon.colcon_core.environment:checking '/home/teja/ros2_humble/PTask_Scheduler/ptask_scheduler/install/ptask_scheduler/bin'
[15.144s] Level 1:colcon.colcon_core.environment:checking '/home/teja/ros2_humble/PTask_Scheduler/ptask_scheduler/install/ptask_scheduler/lib/pkgconfig/ptask_scheduler.pc'
[15.144s] Level 1:colcon.colcon_core.environment:checking '/home/teja/ros2_humble/PTask_Scheduler/ptask_scheduler/install/ptask_scheduler/lib/python3.10/site-packages'
[15.144s] Level 1:colcon.colcon_core.environment:checking '/home/teja/ros2_humble/PTask_Scheduler/ptask_scheduler/install/ptask_scheduler/bin'
[15.145s] INFO:colcon.colcon_core.shell:Creating package script '/home/teja/ros2_humble/PTask_Scheduler/ptask_scheduler/install/ptask_scheduler/share/ptask_scheduler/package.ps1'
[15.147s] INFO:colcon.colcon_core.shell:Creating package descriptor '/home/teja/ros2_humble/PTask_Scheduler/ptask_scheduler/install/ptask_scheduler/share/ptask_scheduler/package.dsv'
[15.149s] INFO:colcon.colcon_core.shell:Creating package script '/home/teja/ros2_humble/PTask_Scheduler/ptask_scheduler/install/ptask_scheduler/share/ptask_scheduler/package.sh'
[15.151s] INFO:colcon.colcon_core.shell:Creating package script '/home/teja/ros2_humble/PTask_Scheduler/ptask_scheduler/install/ptask_scheduler/share/ptask_scheduler/package.bash'
[15.155s] INFO:colcon.colcon_core.shell:Creating package script '/home/teja/ros2_humble/PTask_Scheduler/ptask_scheduler/install/ptask_scheduler/share/ptask_scheduler/package.zsh'
[15.158s] Level 1:colcon.colcon_core.environment:create_file_with_runtime_dependencies(/home/teja/ros2_humble/PTask_Scheduler/ptask_scheduler/install/ptask_scheduler/share/colcon-core/packages/ptask_scheduler)
[15.245s] Level 1:colcon.colcon_core.environment:create_environment_scripts_only(ptask_scheduler)
[15.245s] Level 1:colcon.colcon_core.environment:checking '/home/teja/ros2_humble/PTask_Scheduler/ptask_scheduler/install/ptask_scheduler' for CMake module files
[15.246s] Level 1:colcon.colcon_core.environment:checking '/home/teja/ros2_humble/PTask_Scheduler/ptask_scheduler/install/ptask_scheduler' for CMake config files
[15.247s] Level 1:colcon.colcon_core.shell:create_environment_hook('ptask_scheduler', 'cmake_prefix_path')
[15.247s] INFO:colcon.colcon_core.shell:Creating environment hook '/home/teja/ros2_humble/PTask_Scheduler/ptask_scheduler/install/ptask_scheduler/share/ptask_scheduler/hook/cmake_prefix_path.ps1'
[15.248s] INFO:colcon.colcon_core.shell:Creating environment descriptor '/home/teja/ros2_humble/PTask_Scheduler/ptask_scheduler/install/ptask_scheduler/share/ptask_scheduler/hook/cmake_prefix_path.dsv'
[15.249s] INFO:colcon.colcon_core.shell:Creating environment hook '/home/teja/ros2_humble/PTask_Scheduler/ptask_scheduler/install/ptask_scheduler/share/ptask_scheduler/hook/cmake_prefix_path.sh'
[15.251s] Level 1:colcon.colcon_core.environment:checking '/home/teja/ros2_humble/PTask_Scheduler/ptask_scheduler/install/ptask_scheduler/lib'
[15.251s] Level 1:colcon.colcon_core.environment:checking '/home/teja/ros2_humble/PTask_Scheduler/ptask_scheduler/install/ptask_scheduler/bin'
[15.251s] Level 1:colcon.colcon_core.environment:checking '/home/teja/ros2_humble/PTask_Scheduler/ptask_scheduler/install/ptask_scheduler/lib/pkgconfig/ptask_scheduler.pc'
[15.251s] Level 1:colcon.colcon_core.environment:checking '/home/teja/ros2_humble/PTask_Scheduler/ptask_scheduler/install/ptask_scheduler/lib/python3.10/site-packages'
[15.251s] Level 1:colcon.colcon_core.environment:checking '/home/teja/ros2_humble/PTask_Scheduler/ptask_scheduler/install/ptask_scheduler/bin'
[15.252s] INFO:colcon.colcon_core.shell:Creating package script '/home/teja/ros2_humble/PTask_Scheduler/ptask_scheduler/install/ptask_scheduler/share/ptask_scheduler/package.ps1'
[15.253s] INFO:colcon.colcon_core.shell:Creating package descriptor '/home/teja/ros2_humble/PTask_Scheduler/ptask_scheduler/install/ptask_scheduler/share/ptask_scheduler/package.dsv'
[15.255s] INFO:colcon.colcon_core.shell:Creating package script '/home/teja/ros2_humble/PTask_Scheduler/ptask_scheduler/install/ptask_scheduler/share/ptask_scheduler/package.sh'
[15.256s] INFO:colcon.colcon_core.shell:Creating package script '/home/teja/ros2_humble/PTask_Scheduler/ptask_scheduler/install/ptask_scheduler/share/ptask_scheduler/package.bash'
[15.257s] INFO:colcon.colcon_core.shell:Creating package script '/home/teja/ros2_humble/PTask_Scheduler/ptask_scheduler/install/ptask_scheduler/share/ptask_scheduler/package.zsh'
[15.258s] Level 1:colcon.colcon_core.environment:create_file_with_runtime_dependencies(/home/teja/ros2_humble/PTask_Scheduler/ptask_scheduler/install/ptask_scheduler/share/colcon-core/packages/ptask_scheduler)
[15.259s] DEBUG:colcon.colcon_parallel_executor.executor.parallel:closing loop
[15.259s] DEBUG:colcon.colcon_parallel_executor.executor.parallel:loop closed
[15.259s] DEBUG:colcon.colcon_parallel_executor.executor.parallel:run_until_complete finished with '0'
[15.259s] DEBUG:colcon.colcon_core.event_reactor:joining thread
[15.276s] INFO:colcon.colcon_core.plugin_system:Skipping extension 'colcon_notification.desktop_notification.terminal_notifier': Not used on non-Darwin systems
[15.276s] INFO:colcon.colcon_core.plugin_system:Skipping extension 'colcon_notification.desktop_notification.win32': Not used on non-Windows systems
[15.276s] INFO:colcon.colcon_notification.desktop_notification:Sending desktop notification using 'notify2'
[15.311s] DEBUG:colcon.colcon_core.event_reactor:joined thread
[15.311s] INFO:colcon.colcon_core.shell:Creating prefix script '/home/teja/ros2_humble/PTask_Scheduler/ptask_scheduler/install/local_setup.ps1'
[15.314s] INFO:colcon.colcon_core.shell:Creating prefix util module '/home/teja/ros2_humble/PTask_Scheduler/ptask_scheduler/install/_local_setup_util_ps1.py'
[15.317s] INFO:colcon.colcon_core.shell:Creating prefix chain script '/home/teja/ros2_humble/PTask_Scheduler/ptask_scheduler/install/setup.ps1'
[15.320s] INFO:colcon.colcon_core.shell:Creating prefix script '/home/teja/ros2_humble/PTask_Scheduler/ptask_scheduler/install/local_setup.sh'
[15.322s] INFO:colcon.colcon_core.shell:Creating prefix util module '/home/teja/ros2_humble/PTask_Scheduler/ptask_scheduler/install/_local_setup_util_sh.py'
[15.323s] INFO:colcon.colcon_core.shell:Creating prefix chain script '/home/teja/ros2_humble/PTask_Scheduler/ptask_scheduler/install/setup.sh'
[15.326s] INFO:colcon.colcon_core.shell:Creating prefix script '/home/teja/ros2_humble/PTask_Scheduler/ptask_scheduler/install/local_setup.bash'
[15.327s] INFO:colcon.colcon_core.shell:Creating prefix chain script '/home/teja/ros2_humble/PTask_Scheduler/ptask_scheduler/install/setup.bash'
[15.336s] INFO:colcon.colcon_core.shell:Creating prefix script '/home/teja/ros2_humble/PTask_Scheduler/ptask_scheduler/install/local_setup.zsh'
[15.340s] INFO:colcon.colcon_core.shell:Creating prefix chain script '/home/teja/ros2_humble/PTask_Scheduler/ptask_scheduler/install/setup.zsh'
